<?xml version="1.0" encoding="UTF-8"?>
<!-- Generated by org.testng.reporters.JUnitXMLReporter -->
<testsuite ignored="0" hostname="Razewing" failures="1" tests="5" name="Alarm Tests" time="17.106" errors="0" timestamp="2022-03-01T11:09:40 GMT-06:00">
  <testcase classname="tests.AlarmTests" name="alarmTimeValidFormat" time="2.187"/>
  <testcase classname="tests.AlarmTests" name="changeAlarmTime" time="3.134"/>
  <testcase classname="tests.AlarmTests" name="createNewAlarm" time="2.095"/>
  <testcase classname="tests.AlarmTests" name="createNewAlarmCancel" time="1.391"/>
  <testcase classname="tests.AlarmTests" name="failingTestExample" time="1.661">
    <failure type="java.lang.AssertionError" message="expected [false] but found [true]">
      <![CDATA[java.lang.AssertionError: expected [false] but found [true]
at tests.AlarmTests.failingTestExample(AlarmTests.java:153)
at java.base/java.util.ArrayList.forEach(ArrayList.java:1511)
... Removed 33 stack frames]]>
    </failure>
  </testcase> <!-- failingTestExample -->
</testsuite> <!-- Alarm Tests -->
